This file contains any messages produced by compilers while
running configure, to aid debugging if configure makes a mistake.

It was created by PCRE configure 7.4, which was
generated by GNU Autoconf 2.61.  Invocation command line was

  $ ./configure 

## --------- ##
## Platform. ##
## --------- ##

hostname = lappy
uname -m = i686
uname -r = 2.6.22-14-generic
uname -s = Linux
uname -v = #1 SMP Sun Oct 14 23:05:12 GMT 2007

/usr/bin/uname -p = unknown
/bin/uname -X     = unknown

/bin/arch              = unknown
/usr/bin/arch -k       = unknown
/usr/convex/getsysinfo = unknown
/usr/bin/hostinfo      = unknown
/bin/machine           = unknown
/usr/bin/oslevel       = unknown
/bin/universe          = unknown

PATH: /home/brettk/bin
PATH: /home/brettk/software/bin
PATH: /home/brettk/bin
PATH: /home/brettk/bin
PATH: /usr/local/sbin
PATH: /usr/local/bin
PATH: /usr/sbin
PATH: /usr/bin
PATH: /sbin
PATH: /bin
PATH: /usr/games


## ----------- ##
## Core tests. ##
## ----------- ##

configure:2023: checking for a BSD-compatible install
configure:2079: result: /usr/bin/install -c
configure:2090: checking whether build environment is sane
configure:2133: result: yes
configure:2161: checking for a thread-safe mkdir -p
configure:2200: result: /bin/mkdir -p
configure:2213: checking for gawk
configure:2243: result: no
configure:2213: checking for mawk
configure:2229: found /usr/bin/mawk
configure:2240: result: mawk
configure:2251: checking whether make sets $(MAKE)
configure:2272: result: yes
configure:2524: checking for gcc
configure:2540: found /usr/bin/gcc
configure:2551: result: gcc
configure:2789: checking for C compiler version
configure:2796: gcc --version >&5
gcc (GCC) 4.1.3 20070929 (prerelease) (Ubuntu 4.1.2-16ubuntu2)
Copyright (C) 2006 Free Software Foundation, Inc.
This is free software; see the source for copying conditions.  There is NO
warranty; not even for MERCHANTABILITY or FITNESS FOR A PARTICULAR PURPOSE.

configure:2799: $? = 0
configure:2806: gcc -v >&5
Using built-in specs.
Target: i486-linux-gnu
Configured with: ../src/configure -v --enable-languages=c,c++,fortran,objc,obj-c++,treelang --prefix=/usr --enable-shared --with-system-zlib --libexecdir=/usr/lib --without-included-gettext --enable-threads=posix --enable-nls --with-gxx-include-dir=/usr/include/c++/4.1.3 --program-suffix=-4.1 --enable-__cxa_atexit --enable-clocale=gnu --enable-libstdcxx-debug --enable-mpfr --enable-checking=release i486-linux-gnu
Thread model: posix
gcc version 4.1.3 20070929 (prerelease) (Ubuntu 4.1.2-16ubuntu2)
configure:2809: $? = 0
configure:2816: gcc -V >&5
gcc: '-V' option must have argument
configure:2819: $? = 1
configure:2842: checking for C compiler default output file name
configure:2869: gcc    conftest.c  >&5
configure:2872: $? = 0
configure:2910: result: a.out
configure:2927: checking whether the C compiler works
configure:2937: ./a.out
configure:2940: $? = 0
configure:2957: result: yes
configure:2964: checking whether we are cross compiling
configure:2966: result: no
configure:2969: checking for suffix of executables
configure:2976: gcc -o conftest    conftest.c  >&5
configure:2979: $? = 0
configure:3003: result: 
configure:3009: checking for suffix of object files
configure:3035: gcc -c   conftest.c >&5
configure:3038: $? = 0
configure:3061: result: o
configure:3065: checking whether we are using the GNU C compiler
configure:3094: gcc -c   conftest.c >&5
configure:3100: $? = 0
configure:3117: result: yes
configure:3122: checking whether gcc accepts -g
configure:3152: gcc -c -g  conftest.c >&5
configure:3158: $? = 0
configure:3257: result: yes
configure:3274: checking for gcc option to accept ISO C89
configure:3348: gcc  -c -g -O2  conftest.c >&5
configure:3354: $? = 0
configure:3377: result: none needed
configure:3406: checking for style of include used by make
configure:3434: result: GNU
configure:3459: checking dependency style of gcc
configure:3550: result: gcc3
configure:3623: checking for g++
configure:3653: result: no
configure:3623: checking for c++
configure:3653: result: no
configure:3623: checking for gpp
configure:3653: result: no
configure:3623: checking for aCC
configure:3653: result: no
configure:3623: checking for CC
configure:3653: result: no
configure:3623: checking for cxx
configure:3653: result: no
configure:3623: checking for cc++
configure:3653: result: no
configure:3623: checking for cl.exe
configure:3653: result: no
configure:3623: checking for FCC
configure:3653: result: no
configure:3623: checking for KCC
configure:3653: result: no
configure:3623: checking for RCC
configure:3653: result: no
configure:3623: checking for xlC_r
configure:3653: result: no
configure:3623: checking for xlC
configure:3653: result: no
configure:3681: checking for C++ compiler version
configure:3688: g++ --version >&5
./configure: line 3689: g++: command not found
configure:3691: $? = 127
configure:3698: g++ -v >&5
./configure: line 3699: g++: command not found
configure:3701: $? = 127
configure:3708: g++ -V >&5
./configure: line 3709: g++: command not found
configure:3711: $? = 127
configure:3714: checking whether we are using the GNU C++ compiler
configure:3743: g++ -c   conftest.cpp >&5
./configure: line 3744: g++: command not found
configure:3749: $? = 127
configure: failed program was:
| /* confdefs.h.  */
| #define PACKAGE_NAME "PCRE"
| #define PACKAGE_TARNAME "pcre"
| #define PACKAGE_VERSION "7.4"
| #define PACKAGE_STRING "PCRE 7.4"
| #define PACKAGE_BUGREPORT ""
| #define PACKAGE "pcre"
| #define VERSION "7.4"
| /* end confdefs.h.  */
| 
| int
| main ()
| {
| #ifndef __GNUC__
|        choke me
| #endif
| 
|   ;
|   return 0;
| }
configure:3766: result: no
configure:3771: checking whether g++ accepts -g
configure:3801: g++ -c -g  conftest.cpp >&5
./configure: line 3802: g++: command not found
configure:3807: $? = 127
configure: failed program was:
| /* confdefs.h.  */
| #define PACKAGE_NAME "PCRE"
| #define PACKAGE_TARNAME "pcre"
| #define PACKAGE_VERSION "7.4"
| #define PACKAGE_STRING "PCRE 7.4"
| #define PACKAGE_BUGREPORT ""
| #define PACKAGE "pcre"
| #define VERSION "7.4"
| /* end confdefs.h.  */
| 
| int
| main ()
| {
| 
|   ;
|   return 0;
| }
configure:3839: g++ -c   conftest.cpp >&5
./configure: line 3840: g++: command not found
configure:3845: $? = 127
configure: failed program was:
| /* confdefs.h.  */
| #define PACKAGE_NAME "PCRE"
| #define PACKAGE_TARNAME "pcre"
| #define PACKAGE_VERSION "7.4"
| #define PACKAGE_STRING "PCRE 7.4"
| #define PACKAGE_BUGREPORT ""
| #define PACKAGE "pcre"
| #define VERSION "7.4"
| /* end confdefs.h.  */
| 
| int
| main ()
| {
| 
|   ;
|   return 0;
| }
configure:3878: g++ -c -g  conftest.cpp >&5
./configure: line 3879: g++: command not found
configure:3884: $? = 127
configure: failed program was:
| /* confdefs.h.  */
| #define PACKAGE_NAME "PCRE"
| #define PACKAGE_TARNAME "pcre"
| #define PACKAGE_VERSION "7.4"
| #define PACKAGE_STRING "PCRE 7.4"
| #define PACKAGE_BUGREPORT ""
| #define PACKAGE "pcre"
| #define VERSION "7.4"
| /* end confdefs.h.  */
| 
| int
| main ()
| {
| 
|   ;
|   return 0;
| }
configure:3906: result: no
configure:3931: checking dependency style of g++
configure:4022: result: none
configure:4074: checking for a BSD-compatible install
configure:4130: result: /usr/bin/install -c
configure:4221: checking build system type
configure:4239: result: i686-pc-linux-gnu
configure:4261: checking host system type
configure:4276: result: i686-pc-linux-gnu
configure:4298: checking for a sed that does not truncate output
configure:4354: result: /bin/sed
configure:4357: checking for grep that handles long lines and -e
configure:4431: result: /bin/grep
configure:4436: checking for egrep
configure:4514: result: /bin/grep -E
configure:4530: checking for ld used by gcc
configure:4597: result: /usr/bin/ld
configure:4606: checking if the linker (/usr/bin/ld) is GNU ld
configure:4621: result: yes
configure:4626: checking for /usr/bin/ld option to reload object files
configure:4633: result: -r
configure:4651: checking for BSD-compatible nm
configure:4700: result: /usr/bin/nm -B
configure:4704: checking whether ln -s works
configure:4708: result: yes
configure:4715: checking how to recognize dependent libraries
configure:4901: result: pass_all
configure:5432: checking how to run the C preprocessor
configure:5472: gcc -E  conftest.c
configure:5478: $? = 0
configure:5509: gcc -E  conftest.c
conftest.c:10:28: error: ac_nonexistent.h: No such file or directory
configure:5515: $? = 1
configure: failed program was:
| /* confdefs.h.  */
| #define PACKAGE_NAME "PCRE"
| #define PACKAGE_TARNAME "pcre"
| #define PACKAGE_VERSION "7.4"
| #define PACKAGE_STRING "PCRE 7.4"
| #define PACKAGE_BUGREPORT ""
| #define PACKAGE "pcre"
| #define VERSION "7.4"
| /* end confdefs.h.  */
| #include <ac_nonexistent.h>
configure:5548: result: gcc -E
configure:5577: gcc -E  conftest.c
configure:5583: $? = 0
configure:5614: gcc -E  conftest.c
conftest.c:10:28: error: ac_nonexistent.h: No such file or directory
configure:5620: $? = 1
configure: failed program was:
| /* confdefs.h.  */
| #define PACKAGE_NAME "PCRE"
| #define PACKAGE_TARNAME "pcre"
| #define PACKAGE_VERSION "7.4"
| #define PACKAGE_STRING "PCRE 7.4"
| #define PACKAGE_BUGREPORT ""
| #define PACKAGE "pcre"
| #define VERSION "7.4"
| /* end confdefs.h.  */
| #include <ac_nonexistent.h>
configure:5658: checking for ANSI C header files
configure:5688: gcc -c -O2  conftest.c >&5
configure:5694: $? = 0
configure:5793: gcc -o conftest -O2   conftest.c  >&5
configure:5796: $? = 0
configure:5802: ./conftest
configure:5805: $? = 0
configure:5822: result: yes
configure:5846: checking for sys/types.h
configure:5867: gcc -c -O2  conftest.c >&5
configure:5873: $? = 0
configure:5889: result: yes
configure:5846: checking for sys/stat.h
configure:5867: gcc -c -O2  conftest.c >&5
configure:5873: $? = 0
configure:5889: result: yes
configure:5846: checking for stdlib.h
configure:5867: gcc -c -O2  conftest.c >&5
configure:5873: $? = 0
configure:5889: result: yes
configure:5846: checking for string.h
configure:5867: gcc -c -O2  conftest.c >&5
configure:5873: $? = 0
configure:5889: result: yes
configure:5846: checking for memory.h
configure:5867: gcc -c -O2  conftest.c >&5
configure:5873: $? = 0
configure:5889: result: yes
configure:5846: checking for strings.h
configure:5867: gcc -c -O2  conftest.c >&5
configure:5873: $? = 0
configure:5889: result: yes
configure:5846: checking for inttypes.h
configure:5867: gcc -c -O2  conftest.c >&5
configure:5873: $? = 0
configure:5889: result: yes
configure:5846: checking for stdint.h
configure:5867: gcc -c -O2  conftest.c >&5
configure:5873: $? = 0
configure:5889: result: yes
configure:5846: checking for unistd.h
configure:5867: gcc -c -O2  conftest.c >&5
configure:5873: $? = 0
configure:5889: result: yes
configure:5916: checking dlfcn.h usability
configure:5933: gcc -c -O2  conftest.c >&5
configure:5939: $? = 0
configure:5953: result: yes
configure:5957: checking dlfcn.h presence
configure:5972: gcc -E  conftest.c
configure:5978: $? = 0
configure:5992: result: yes
configure:6020: checking for dlfcn.h
configure:6028: result: yes
configure:6328: checking for g77
configure:6358: result: no
configure:6328: checking for xlf
configure:6358: result: no
configure:6328: checking for f77
configure:6358: result: no
configure:6328: checking for frt
configure:6358: result: no
configure:6328: checking for pgf77
configure:6358: result: no
configure:6328: checking for cf77
configure:6358: result: no
configure:6328: checking for fort77
configure:6358: result: no
configure:6328: checking for fl32
configure:6358: result: no
configure:6328: checking for af77
configure:6358: result: no
configure:6328: checking for xlf90
configure:6358: result: no
configure:6328: checking for f90
configure:6358: result: no
configure:6328: checking for pgf90
configure:6358: result: no
configure:6328: checking for pghpf
configure:6358: result: no
configure:6328: checking for epcf90
configure:6358: result: no
configure:6328: checking for gfortran
configure:6358: result: no
configure:6328: checking for g95
configure:6358: result: no
configure:6328: checking for xlf95
configure:6358: result: no
configure:6328: checking for f95
configure:6358: result: no
configure:6328: checking for fort
configure:6358: result: no
configure:6328: checking for ifort
configure:6358: result: no
configure:6328: checking for ifc
configure:6358: result: no
configure:6328: checking for efc
configure:6358: result: no
configure:6328: checking for pgf95
configure:6358: result: no
configure:6328: checking for lf95
configure:6358: result: no
configure:6328: checking for ftn
configure:6358: result: no
configure:6385: checking for Fortran 77 compiler version
configure:6392:  --version >&5
./configure: line 6393: --version: command not found
configure:6395: $? = 127
configure:6402:  -v >&5
./configure: line 6403: -v: command not found
configure:6405: $? = 127
configure:6412:  -V >&5
./configure: line 6413: -V: command not found
configure:6415: $? = 127
configure:6423: checking whether we are using the GNU Fortran 77 compiler
configure:6442:  -c  conftest.F >&5
./configure: line 6443: -c: command not found
configure:6448: $? = 127
configure: failed program was:
|       program main
| #ifndef __GNUC__
|        choke me
| #endif
| 
|       end
configure:6465: result: no
configure:6471: checking whether  accepts -g
configure:6488:  -c -g conftest.f >&5
./configure: line 6489: -c: command not found
configure:6494: $? = 127
configure: failed program was:
|       program main
| 
|       end
configure:6510: result: no
configure:6540: checking the maximum length of command line arguments
configure:6649: result: 32768
configure:6661: checking command to parse /usr/bin/nm -B output from gcc object
configure:6766: gcc -c -O2  conftest.c >&5
configure:6769: $? = 0
configure:6773: /usr/bin/nm -B conftest.o \| sed -n -e 's/^.*[ 	]\([ABCDGIRSTW][ABCDGIRSTW]*\)[ 	][ 	]*\([_A-Za-z][_A-Za-z0-9]*\)$/\1 \2 \2/p' \> conftest.nm
configure:6776: $? = 0
configure:6828: gcc -o conftest -O2   conftest.c conftstm.o >&5
configure:6831: $? = 0
configure:6869: result: ok
configure:6873: checking for objdir
configure:6888: result: .libs
configure:6980: checking for ar
configure:6996: found /usr/bin/ar
configure:7007: result: ar
configure:7076: checking for ranlib
configure:7092: found /usr/bin/ranlib
configure:7103: result: ranlib
configure:7172: checking for strip
configure:7188: found /usr/bin/strip
configure:7199: result: strip
configure:7436: checking for correct ltmain.sh version
configure:7486: result: yes
configure:7546: checking if gcc supports -fno-rtti -fno-exceptions
configure:7564: gcc -c -O2  -fno-rtti -fno-exceptions conftest.c >&5
cc1: warning: command line option "-fno-rtti" is valid for C++/ObjC++ but not for C
configure:7568: $? = 0
configure:7581: result: no
configure:7596: checking for gcc option to produce PIC
configure:7828: result: -fPIC
configure:7836: checking if gcc PIC flag -fPIC works
configure:7854: gcc -c -O2  -fPIC -DPIC conftest.c >&5
configure:7858: $? = 0
configure:7871: result: yes
configure:7899: checking if gcc static flag -static works
configure:7927: result: yes
configure:7937: checking if gcc supports -c -o file.o
configure:7958: gcc -c -O2  -o out/conftest2.o conftest.c >&5
configure:7962: $? = 0
configure:7984: result: yes
configure:8010: checking whether the gcc linker (/usr/bin/ld) supports shared libraries
configure:8986: result: yes
configure:9007: checking whether -lc should be explicitly linked in
configure:9012: gcc -c -O2  conftest.c >&5
configure:9015: $? = 0
configure:9030: gcc -shared conftest.o  -v -Wl,-soname -Wl,conftest -o conftest 2\>\&1 \| grep  -lc  \>/dev/null 2\>\&1
configure:9033: $? = 0
configure:9045: result: no
configure:9053: checking dynamic linker characteristics
configure:9668: result: GNU/Linux ld.so
configure:9677: checking how to hardcode library paths into programs
configure:9702: result: immediate
configure:9716: checking whether stripping libraries is possible
configure:9721: result: yes
configure:10523: checking if libtool supports shared libraries
configure:10525: result: yes
configure:10528: checking whether to build shared libraries
configure:10549: result: yes
configure:10552: checking whether to build static libraries
configure:10556: result: yes
configure:10648: creating libtool
configure:19861: checking whether ln -s works
configure:19865: result: yes
configure:20084: checking for ANSI C header files
configure:20248: result: yes
configure:20277: checking limits.h usability
configure:20294: gcc -c -O2  conftest.c >&5
configure:20300: $? = 0
configure:20314: result: yes
configure:20318: checking limits.h presence
configure:20333: gcc -E  conftest.c
configure:20339: $? = 0
configure:20353: result: yes
configure:20381: checking for limits.h
configure:20389: result: yes
configure:20267: checking for sys/types.h
configure:20273: result: yes
configure:20267: checking for sys/stat.h
configure:20273: result: yes
configure:20277: checking dirent.h usability
configure:20294: gcc -c -O2  conftest.c >&5
configure:20300: $? = 0
configure:20314: result: yes
configure:20318: checking dirent.h presence
configure:20333: gcc -E  conftest.c
configure:20339: $? = 0
configure:20353: result: yes
configure:20381: checking for dirent.h
configure:20389: result: yes
configure:20277: checking windows.h usability
configure:20294: gcc -c -O2  conftest.c >&5
conftest.c:59:21: error: windows.h: No such file or directory
configure:20300: $? = 1
configure: failed program was:
| /* confdefs.h.  */
| #define PACKAGE_NAME "PCRE"
| #define PACKAGE_TARNAME "pcre"
| #define PACKAGE_VERSION "7.4"
| #define PACKAGE_STRING "PCRE 7.4"
| #define PACKAGE_BUGREPORT ""
| #define PACKAGE "pcre"
| #define VERSION "7.4"
| #define STDC_HEADERS 1
| #define HAVE_SYS_TYPES_H 1
| #define HAVE_SYS_STAT_H 1
| #define HAVE_STDLIB_H 1
| #define HAVE_STRING_H 1
| #define HAVE_MEMORY_H 1
| #define HAVE_STRINGS_H 1
| #define HAVE_INTTYPES_H 1
| #define HAVE_STDINT_H 1
| #define HAVE_UNISTD_H 1
| #define HAVE_DLFCN_H 1
| #define STDC_HEADERS 1
| #define HAVE_LIMITS_H 1
| #define HAVE_SYS_TYPES_H 1
| #define HAVE_SYS_STAT_H 1
| #define HAVE_DIRENT_H 1
| /* end confdefs.h.  */
| #include <stdio.h>
| #ifdef HAVE_SYS_TYPES_H
| # include <sys/types.h>
| #endif
| #ifdef HAVE_SYS_STAT_H
| # include <sys/stat.h>
| #endif
| #ifdef STDC_HEADERS
| # include <stdlib.h>
| # include <stddef.h>
| #else
| # ifdef HAVE_STDLIB_H
| #  include <stdlib.h>
| # endif
| #endif
| #ifdef HAVE_STRING_H
| # if !defined STDC_HEADERS && defined HAVE_MEMORY_H
| #  include <memory.h>
| # endif
| # include <string.h>
| #endif
| #ifdef HAVE_STRINGS_H
| # include <strings.h>
| #endif
| #ifdef HAVE_INTTYPES_H
| # include <inttypes.h>
| #endif
| #ifdef HAVE_STDINT_H
| # include <stdint.h>
| #endif
| #ifdef HAVE_UNISTD_H
| # include <unistd.h>
| #endif
| #include <windows.h>
configure:20314: result: no
configure:20318: checking windows.h presence
configure:20333: gcc -E  conftest.c
conftest.c:26:21: error: windows.h: No such file or directory
configure:20339: $? = 1
configure: failed program was:
| /* confdefs.h.  */
| #define PACKAGE_NAME "PCRE"
| #define PACKAGE_TARNAME "pcre"
| #define PACKAGE_VERSION "7.4"
| #define PACKAGE_STRING "PCRE 7.4"
| #define PACKAGE_BUGREPORT ""
| #define PACKAGE "pcre"
| #define VERSION "7.4"
| #define STDC_HEADERS 1
| #define HAVE_SYS_TYPES_H 1
| #define HAVE_SYS_STAT_H 1
| #define HAVE_STDLIB_H 1
| #define HAVE_STRING_H 1
| #define HAVE_MEMORY_H 1
| #define HAVE_STRINGS_H 1
| #define HAVE_INTTYPES_H 1
| #define HAVE_STDINT_H 1
| #define HAVE_UNISTD_H 1
| #define HAVE_DLFCN_H 1
| #define STDC_HEADERS 1
| #define HAVE_LIMITS_H 1
| #define HAVE_SYS_TYPES_H 1
| #define HAVE_SYS_STAT_H 1
| #define HAVE_DIRENT_H 1
| /* end confdefs.h.  */
| #include <windows.h>
configure:20353: result: no
configure:20381: checking for windows.h
configure:20389: result: no
configure:20434: checking string usability
configure:20451: g++ -c   conftest.cpp >&5
./configure: line 20452: g++: command not found
configure:20457: $? = 127
configure: failed program was:
| /* confdefs.h.  */
| #define PACKAGE_NAME "PCRE"
| #define PACKAGE_TARNAME "pcre"
| #define PACKAGE_VERSION "7.4"
| #define PACKAGE_STRING "PCRE 7.4"
| #define PACKAGE_BUGREPORT ""
| #define PACKAGE "pcre"
| #define VERSION "7.4"
| #define STDC_HEADERS 1
| #define HAVE_SYS_TYPES_H 1
| #define HAVE_SYS_STAT_H 1
| #define HAVE_STDLIB_H 1
| #define HAVE_STRING_H 1
| #define HAVE_MEMORY_H 1
| #define HAVE_STRINGS_H 1
| #define HAVE_INTTYPES_H 1
| #define HAVE_STDINT_H 1
| #define HAVE_UNISTD_H 1
| #define HAVE_DLFCN_H 1
| #define STDC_HEADERS 1
| #define HAVE_LIMITS_H 1
| #define HAVE_SYS_TYPES_H 1
| #define HAVE_SYS_STAT_H 1
| #define HAVE_DIRENT_H 1
| /* end confdefs.h.  */
| #include <stdio.h>
| #ifdef HAVE_SYS_TYPES_H
| # include <sys/types.h>
| #endif
| #ifdef HAVE_SYS_STAT_H
| # include <sys/stat.h>
| #endif
| #ifdef STDC_HEADERS
| # include <stdlib.h>
| # include <stddef.h>
| #else
| # ifdef HAVE_STDLIB_H
| #  include <stdlib.h>
| # endif
| #endif
| #ifdef HAVE_STRING_H
| # if !defined STDC_HEADERS && defined HAVE_MEMORY_H
| #  include <memory.h>
| # endif
| # include <string.h>
| #endif
| #ifdef HAVE_STRINGS_H
| # include <strings.h>
| #endif
| #ifdef HAVE_INTTYPES_H
| # include <inttypes.h>
| #endif
| #ifdef HAVE_STDINT_H
| # include <stdint.h>
| #endif
| #ifdef HAVE_UNISTD_H
| # include <unistd.h>
| #endif
| #include <string>
configure:20471: result: no
configure:20475: checking string presence
configure:20490:   conftest.cpp
./configure: line 20491: conftest.cpp: command not found
configure:20496: $? = 127
configure: failed program was:
| /* confdefs.h.  */
| #define PACKAGE_NAME "PCRE"
| #define PACKAGE_TARNAME "pcre"
| #define PACKAGE_VERSION "7.4"
| #define PACKAGE_STRING "PCRE 7.4"
| #define PACKAGE_BUGREPORT ""
| #define PACKAGE "pcre"
| #define VERSION "7.4"
| #define STDC_HEADERS 1
| #define HAVE_SYS_TYPES_H 1
| #define HAVE_SYS_STAT_H 1
| #define HAVE_STDLIB_H 1
| #define HAVE_STRING_H 1
| #define HAVE_MEMORY_H 1
| #define HAVE_STRINGS_H 1
| #define HAVE_INTTYPES_H 1
| #define HAVE_STDINT_H 1
| #define HAVE_UNISTD_H 1
| #define HAVE_DLFCN_H 1
| #define STDC_HEADERS 1
| #define HAVE_LIMITS_H 1
| #define HAVE_SYS_TYPES_H 1
| #define HAVE_SYS_STAT_H 1
| #define HAVE_DIRENT_H 1
| /* end confdefs.h.  */
| #include <string>
configure:20510: result: no
configure:20538: checking for string
configure:20546: result: no
configure:20576: checking bits/type_traits.h usability
configure:20593: g++ -c   conftest.cpp >&5
./configure: line 20594: g++: command not found
configure:20599: $? = 127
configure: failed program was:
| /* confdefs.h.  */
| #define PACKAGE_NAME "PCRE"
| #define PACKAGE_TARNAME "pcre"
| #define PACKAGE_VERSION "7.4"
| #define PACKAGE_STRING "PCRE 7.4"
| #define PACKAGE_BUGREPORT ""
| #define PACKAGE "pcre"
| #define VERSION "7.4"
| #define STDC_HEADERS 1
| #define HAVE_SYS_TYPES_H 1
| #define HAVE_SYS_STAT_H 1
| #define HAVE_STDLIB_H 1
| #define HAVE_STRING_H 1
| #define HAVE_MEMORY_H 1
| #define HAVE_STRINGS_H 1
| #define HAVE_INTTYPES_H 1
| #define HAVE_STDINT_H 1
| #define HAVE_UNISTD_H 1
| #define HAVE_DLFCN_H 1
| #define STDC_HEADERS 1
| #define HAVE_LIMITS_H 1
| #define HAVE_SYS_TYPES_H 1
| #define HAVE_SYS_STAT_H 1
| #define HAVE_DIRENT_H 1
| /* end confdefs.h.  */
| #include <stdio.h>
| #ifdef HAVE_SYS_TYPES_H
| # include <sys/types.h>
| #endif
| #ifdef HAVE_SYS_STAT_H
| # include <sys/stat.h>
| #endif
| #ifdef STDC_HEADERS
| # include <stdlib.h>
| # include <stddef.h>
| #else
| # ifdef HAVE_STDLIB_H
| #  include <stdlib.h>
| # endif
| #endif
| #ifdef HAVE_STRING_H
| # if !defined STDC_HEADERS && defined HAVE_MEMORY_H
| #  include <memory.h>
| # endif
| # include <string.h>
| #endif
| #ifdef HAVE_STRINGS_H
| # include <strings.h>
| #endif
| #ifdef HAVE_INTTYPES_H
| # include <inttypes.h>
| #endif
| #ifdef HAVE_STDINT_H
| # include <stdint.h>
| #endif
| #ifdef HAVE_UNISTD_H
| # include <unistd.h>
| #endif
| #include <bits/type_traits.h>
configure:20613: result: no
configure:20617: checking bits/type_traits.h presence
configure:20632:   conftest.cpp
./configure: line 20633: conftest.cpp: command not found
configure:20638: $? = 127
configure: failed program was:
| /* confdefs.h.  */
| #define PACKAGE_NAME "PCRE"
| #define PACKAGE_TARNAME "pcre"
| #define PACKAGE_VERSION "7.4"
| #define PACKAGE_STRING "PCRE 7.4"
| #define PACKAGE_BUGREPORT ""
| #define PACKAGE "pcre"
| #define VERSION "7.4"
| #define STDC_HEADERS 1
| #define HAVE_SYS_TYPES_H 1
| #define HAVE_SYS_STAT_H 1
| #define HAVE_STDLIB_H 1
| #define HAVE_STRING_H 1
| #define HAVE_MEMORY_H 1
| #define HAVE_STRINGS_H 1
| #define HAVE_INTTYPES_H 1
| #define HAVE_STDINT_H 1
| #define HAVE_UNISTD_H 1
| #define HAVE_DLFCN_H 1
| #define STDC_HEADERS 1
| #define HAVE_LIMITS_H 1
| #define HAVE_SYS_TYPES_H 1
| #define HAVE_SYS_STAT_H 1
| #define HAVE_DIRENT_H 1
| /* end confdefs.h.  */
| #include <bits/type_traits.h>
configure:20652: result: no
configure:20680: checking for bits/type_traits.h
configure:20688: result: no
configure:20718: checking type_traits.h usability
configure:20735: g++ -c   conftest.cpp >&5
./configure: line 20736: g++: command not found
configure:20741: $? = 127
configure: failed program was:
| /* confdefs.h.  */
| #define PACKAGE_NAME "PCRE"
| #define PACKAGE_TARNAME "pcre"
| #define PACKAGE_VERSION "7.4"
| #define PACKAGE_STRING "PCRE 7.4"
| #define PACKAGE_BUGREPORT ""
| #define PACKAGE "pcre"
| #define VERSION "7.4"
| #define STDC_HEADERS 1
| #define HAVE_SYS_TYPES_H 1
| #define HAVE_SYS_STAT_H 1
| #define HAVE_STDLIB_H 1
| #define HAVE_STRING_H 1
| #define HAVE_MEMORY_H 1
| #define HAVE_STRINGS_H 1
| #define HAVE_INTTYPES_H 1
| #define HAVE_STDINT_H 1
| #define HAVE_UNISTD_H 1
| #define HAVE_DLFCN_H 1
| #define STDC_HEADERS 1
| #define HAVE_LIMITS_H 1
| #define HAVE_SYS_TYPES_H 1
| #define HAVE_SYS_STAT_H 1
| #define HAVE_DIRENT_H 1
| /* end confdefs.h.  */
| #include <stdio.h>
| #ifdef HAVE_SYS_TYPES_H
| # include <sys/types.h>
| #endif
| #ifdef HAVE_SYS_STAT_H
| # include <sys/stat.h>
| #endif
| #ifdef STDC_HEADERS
| # include <stdlib.h>
| # include <stddef.h>
| #else
| # ifdef HAVE_STDLIB_H
| #  include <stdlib.h>
| # endif
| #endif
| #ifdef HAVE_STRING_H
| # if !defined STDC_HEADERS && defined HAVE_MEMORY_H
| #  include <memory.h>
| # endif
| # include <string.h>
| #endif
| #ifdef HAVE_STRINGS_H
| # include <strings.h>
| #endif
| #ifdef HAVE_INTTYPES_H
| # include <inttypes.h>
| #endif
| #ifdef HAVE_STDINT_H
| # include <stdint.h>
| #endif
| #ifdef HAVE_UNISTD_H
| # include <unistd.h>
| #endif
| #include <type_traits.h>
configure:20755: result: no
configure:20759: checking type_traits.h presence
configure:20774:   conftest.cpp
./configure: line 20775: conftest.cpp: command not found
configure:20780: $? = 127
configure: failed program was:
| /* confdefs.h.  */
| #define PACKAGE_NAME "PCRE"
| #define PACKAGE_TARNAME "pcre"
| #define PACKAGE_VERSION "7.4"
| #define PACKAGE_STRING "PCRE 7.4"
| #define PACKAGE_BUGREPORT ""
| #define PACKAGE "pcre"
| #define VERSION "7.4"
| #define STDC_HEADERS 1
| #define HAVE_SYS_TYPES_H 1
| #define HAVE_SYS_STAT_H 1
| #define HAVE_STDLIB_H 1
| #define HAVE_STRING_H 1
| #define HAVE_MEMORY_H 1
| #define HAVE_STRINGS_H 1
| #define HAVE_INTTYPES_H 1
| #define HAVE_STDINT_H 1
| #define HAVE_UNISTD_H 1
| #define HAVE_DLFCN_H 1
| #define STDC_HEADERS 1
| #define HAVE_LIMITS_H 1
| #define HAVE_SYS_TYPES_H 1
| #define HAVE_SYS_STAT_H 1
| #define HAVE_DIRENT_H 1
| /* end confdefs.h.  */
| #include <type_traits.h>
configure:20794: result: no
configure:20822: checking for type_traits.h
configure:20830: result: no
configure:20876: checking for an ANSI C-conforming const
configure:20951: gcc -c -O2  conftest.c >&5
configure:20957: $? = 0
configure:20972: result: yes
configure:20982: checking for size_t
configure:21012: gcc -c -O2  conftest.c >&5
configure:21018: $? = 0
configure:21033: result: yes
configure:21046: checking for long long
configure:21076: gcc -c -O2  conftest.c >&5
configure:21082: $? = 0
configure:21097: result: yes
configure:21110: checking for unsigned long long
configure:21140: gcc -c -O2  conftest.c >&5
configure:21146: $? = 0
configure:21161: result: yes
configure:21188: checking for bcopy
configure:21244: gcc -o conftest -O2   conftest.c  >&5
conftest.c:51: warning: conflicting types for built-in function 'bcopy'
configure:21250: $? = 0
configure:21268: result: yes
configure:21188: checking for memmove
configure:21244: gcc -o conftest -O2   conftest.c  >&5
conftest.c:52: warning: conflicting types for built-in function 'memmove'
configure:21250: $? = 0
configure:21268: result: yes
configure:21188: checking for strerror
configure:21244: gcc -o conftest -O2   conftest.c  >&5
configure:21250: $? = 0
configure:21268: result: yes
configure:21188: checking for strtoq
configure:21244: gcc -o conftest -O2   conftest.c  >&5
configure:21250: $? = 0
configure:21268: result: yes
configure:21188: checking for strtoll
configure:21244: gcc -o conftest -O2   conftest.c  >&5
configure:21250: $? = 0
configure:21268: result: yes
configure:21188: checking for _strtoi64
configure:21244: gcc -o conftest -O2   conftest.c  >&5
/tmp/ccH6ANbm.o: In function `main':
conftest.c:(.text+0x12): undefined reference to `_strtoi64'
collect2: ld returned 1 exit status
configure:21250: $? = 1
configure: failed program was:
| /* confdefs.h.  */
| #define PACKAGE_NAME "PCRE"
| #define PACKAGE_TARNAME "pcre"
| #define PACKAGE_VERSION "7.4"
| #define PACKAGE_STRING "PCRE 7.4"
| #define PACKAGE_BUGREPORT ""
| #define PACKAGE "pcre"
| #define VERSION "7.4"
| #define STDC_HEADERS 1
| #define HAVE_SYS_TYPES_H 1
| #define HAVE_SYS_STAT_H 1
| #define HAVE_STDLIB_H 1
| #define HAVE_STRING_H 1
| #define HAVE_MEMORY_H 1
| #define HAVE_STRINGS_H 1
| #define HAVE_INTTYPES_H 1
| #define HAVE_STDINT_H 1
| #define HAVE_UNISTD_H 1
| #define HAVE_DLFCN_H 1
| #define STDC_HEADERS 1
| #define HAVE_LIMITS_H 1
| #define HAVE_SYS_TYPES_H 1
| #define HAVE_SYS_STAT_H 1
| #define HAVE_DIRENT_H 1
| #define HAVE_LONG_LONG 1
| #define HAVE_UNSIGNED_LONG_LONG 1
| #define HAVE_BCOPY 1
| #define HAVE_MEMMOVE 1
| #define HAVE_STRERROR 1
| #define HAVE_STRTOQ 1
| #define HAVE_STRTOLL 1
| /* end confdefs.h.  */
| /* Define _strtoi64 to an innocuous variant, in case <limits.h> declares _strtoi64.
|    For example, HP-UX 11i <limits.h> declares gettimeofday.  */
| #define _strtoi64 innocuous__strtoi64
| 
| /* System header to define __stub macros and hopefully few prototypes,
|     which can conflict with char _strtoi64 (); below.
|     Prefer <limits.h> to <assert.h> if __STDC__ is defined, since
|     <limits.h> exists even on freestanding compilers.  */
| 
| #ifdef __STDC__
| # include <limits.h>
| #else
| # include <assert.h>
| #endif
| 
| #undef _strtoi64
| 
| /* Override any GCC internal prototype to avoid an error.
|    Use char because int might match the return type of a GCC
|    builtin and then its argument prototype would still apply.  */
| #ifdef __cplusplus
| extern "C"
| #endif
| char _strtoi64 ();
| /* The GNU C library defines this for functions which it implements
|     to always fail with ENOSYS.  Some functions are actually named
|     something starting with __ and the normal name is an alias.  */
| #if defined __stub__strtoi64 || defined __stub____strtoi64
| choke me
| #endif
| 
| int
| main ()
| {
| return _strtoi64 ();
|   ;
|   return 0;
| }
configure:21268: result: no
configure:21553: creating ./config.status

## ---------------------- ##
## Running config.status. ##
## ---------------------- ##

This file was extended by PCRE config.status 7.4, which was
generated by GNU Autoconf 2.61.  Invocation command line was

  CONFIG_FILES    = 
  CONFIG_HEADERS  = 
  CONFIG_LINKS    = 
  CONFIG_COMMANDS = 
  $ ./config.status 

on lappy

config.status:689: creating Makefile
config.status:689: creating libpcre.pc
config.status:689: creating libpcrecpp.pc
config.status:689: creating pcre-config
config.status:689: creating pcre.h
config.status:689: creating pcre_stringpiece.h
config.status:689: creating pcrecpparg.h
config.status:689: creating config.h
config.status:981: executing depfiles commands
config.status:981: executing script-chmod commands
config.status:981: executing delete-old-chartables commands

## ---------------- ##
## Cache variables. ##
## ---------------- ##

ac_cv_build=i686-pc-linux-gnu
ac_cv_c_compiler_gnu=yes
ac_cv_c_const=yes
ac_cv_cxx_compiler_gnu=no
ac_cv_env_CCC_set=
ac_cv_env_CCC_value=
ac_cv_env_CC_set=
ac_cv_env_CC_value=
ac_cv_env_CFLAGS_set=
ac_cv_env_CFLAGS_value=
ac_cv_env_CPPFLAGS_set=
ac_cv_env_CPPFLAGS_value=
ac_cv_env_CPP_set=
ac_cv_env_CPP_value=
ac_cv_env_CXXCPP_set=
ac_cv_env_CXXCPP_value=
ac_cv_env_CXXFLAGS_set=
ac_cv_env_CXXFLAGS_value=
ac_cv_env_CXX_set=
ac_cv_env_CXX_value=
ac_cv_env_F77_set=
ac_cv_env_F77_value=
ac_cv_env_FFLAGS_set=
ac_cv_env_FFLAGS_value=
ac_cv_env_LDFLAGS_set=
ac_cv_env_LDFLAGS_value=
ac_cv_env_LIBS_set=
ac_cv_env_LIBS_value=
ac_cv_env_build_alias_set=
ac_cv_env_build_alias_value=
ac_cv_env_host_alias_set=
ac_cv_env_host_alias_value=
ac_cv_env_target_alias_set=
ac_cv_env_target_alias_value=
ac_cv_f77_compiler_gnu=no
ac_cv_func__strtoi64=no
ac_cv_func_bcopy=yes
ac_cv_func_memmove=yes
ac_cv_func_strerror=yes
ac_cv_func_strtoll=yes
ac_cv_func_strtoq=yes
ac_cv_header_bits_type_traits_h=no
ac_cv_header_dirent_h=yes
ac_cv_header_dlfcn_h=yes
ac_cv_header_inttypes_h=yes
ac_cv_header_limits_h=yes
ac_cv_header_memory_h=yes
ac_cv_header_stdc=yes
ac_cv_header_stdint_h=yes
ac_cv_header_stdlib_h=yes
ac_cv_header_string=no
ac_cv_header_string_h=yes
ac_cv_header_strings_h=yes
ac_cv_header_sys_stat_h=yes
ac_cv_header_sys_types_h=yes
ac_cv_header_type_traits_h=no
ac_cv_header_unistd_h=yes
ac_cv_header_windows_h=no
ac_cv_host=i686-pc-linux-gnu
ac_cv_objext=o
ac_cv_path_EGREP='/bin/grep -E'
ac_cv_path_GREP=/bin/grep
ac_cv_path_install='/usr/bin/install -c'
ac_cv_path_mkdir=/bin/mkdir
ac_cv_prog_AWK=mawk
ac_cv_prog_CPP='gcc -E'
ac_cv_prog_ac_ct_AR=ar
ac_cv_prog_ac_ct_CC=gcc
ac_cv_prog_ac_ct_RANLIB=ranlib
ac_cv_prog_ac_ct_STRIP=strip
ac_cv_prog_cc_c89=
ac_cv_prog_cc_g=yes
ac_cv_prog_cxx_g=no
ac_cv_prog_f77_g=no
ac_cv_prog_make_make_set=yes
ac_cv_type_long_long=yes
ac_cv_type_size_t=yes
ac_cv_type_unsigned_long_long=yes
am_cv_CC_dependencies_compiler_type=gcc3
am_cv_CXX_dependencies_compiler_type=none
lt_cv_deplibs_check_method=pass_all
lt_cv_file_magic_cmd='$MAGIC_CMD'
lt_cv_file_magic_test_file=
lt_cv_ld_reload_flag=-r
lt_cv_objdir=.libs
lt_cv_path_LD=/usr/bin/ld
lt_cv_path_NM='/usr/bin/nm -B'
lt_cv_path_SED=/bin/sed
lt_cv_prog_compiler_c_o=yes
lt_cv_prog_compiler_rtti_exceptions=no
lt_cv_prog_gnu_ld=yes
lt_cv_sys_global_symbol_pipe='sed -n -e '\''s/^.*[ 	]\([ABCDGIRSTW][ABCDGIRSTW]*\)[ 	][ 	]*\([_A-Za-z][_A-Za-z0-9]*\)$/\1 \2 \2/p'\'''
lt_cv_sys_global_symbol_to_c_name_address='sed -n -e '\''s/^: \([^ ]*\) $/  {\"\1\", (lt_ptr) 0},/p'\'' -e '\''s/^[BCDEGRST] \([^ ]*\) \([^ ]*\)$/  {"\2", (lt_ptr) \&\2},/p'\'''
lt_cv_sys_global_symbol_to_cdecl='sed -n -e '\''s/^. .* \(.*\)$/extern int \1;/p'\'''
lt_cv_sys_max_cmd_len=32768
lt_lt_cv_prog_compiler_c_o='"yes"'
lt_lt_cv_sys_global_symbol_pipe='"sed -n -e '\''s/^.*[ 	]\\([ABCDGIRSTW][ABCDGIRSTW]*\\)[ 	][ 	]*\\([_A-Za-z][_A-Za-z0-9]*\\)\$/\\1 \\2 \\2/p'\''"'
lt_lt_cv_sys_global_symbol_to_c_name_address='"sed -n -e '\''s/^: \\([^ ]*\\) \$/  {\\\"\\1\\\", (lt_ptr) 0},/p'\'' -e '\''s/^[BCDEGRST] \\([^ ]*\\) \\([^ ]*\\)\$/  {\"\\2\", (lt_ptr) \\&\\2},/p'\''"'
lt_lt_cv_sys_global_symbol_to_cdecl='"sed -n -e '\''s/^. .* \\(.*\\)\$/extern int \\1;/p'\''"'

## ----------------- ##
## Output variables. ##
## ----------------- ##

ACLOCAL='${SHELL} /home/brettk/src/pcre-7.4/source/arm9/missing --run aclocal-1.10'
AMDEPBACKSLASH='\'
AMDEP_FALSE='#'
AMDEP_TRUE=''
AMTAR='${SHELL} /home/brettk/src/pcre-7.4/source/arm9/missing --run tar'
AR='ar'
AS='as'
AUTOCONF='${SHELL} /home/brettk/src/pcre-7.4/source/arm9/missing --run autoconf'
AUTOHEADER='${SHELL} /home/brettk/src/pcre-7.4/source/arm9/missing --run autoheader'
AUTOMAKE='${SHELL} /home/brettk/src/pcre-7.4/source/arm9/missing --run automake-1.10'
AWK='mawk'
CC='gcc'
CCDEPMODE='depmode=gcc3'
CFLAGS='-O2'
CPP='gcc -E'
CPPFLAGS=''
CXX='g++'
CXXCPP=''
CXXDEPMODE='depmode=none'
CXXFLAGS=''
CYGPATH_W='echo'
DEFS='-DHAVE_CONFIG_H'
DEPDIR='.deps'
DISTCHECK_CONFIGURE_FLAGS='--enable-cpp --enable-unicode-properties'
DLLTOOL='dlltool'
ECHO='echo'
ECHO_C=''
ECHO_N='-n'
ECHO_T=''
EGREP='/bin/grep -E'
EXEEXT=''
EXTRA_LIBPCRECPP_LDFLAGS='  -version-info 0:0:0'
EXTRA_LIBPCREPOSIX_LDFLAGS=' -version-info 0:0:0'
EXTRA_LIBPCRE_LDFLAGS=' -version-info 0:1:0'
F77=''
FFLAGS=''
GREP='/bin/grep'
INSTALL_DATA='${INSTALL} -m 644'
INSTALL_PROGRAM='${INSTALL}'
INSTALL_SCRIPT='${INSTALL}'
INSTALL_STRIP_PROGRAM='$(install_sh) -c -s'
LDFLAGS=''
LIBOBJS=''
LIBS=''
LIBTOOL='$(SHELL) $(top_builddir)/libtool'
LN_S='ln -s'
LTLIBOBJS=''
MAKEINFO='${SHELL} /home/brettk/src/pcre-7.4/source/arm9/missing --run makeinfo'
OBJDUMP='objdump'
OBJEXT='o'
PACKAGE='pcre'
PACKAGE_BUGREPORT=''
PACKAGE_NAME='PCRE'
PACKAGE_STRING='PCRE 7.4'
PACKAGE_TARNAME='pcre'
PACKAGE_VERSION='7.4'
PATH_SEPARATOR=':'
PCRE_DATE='2007-09-21'
PCRE_MAJOR='7'
PCRE_MINOR='4'
PCRE_PRERELEASE=''
RANLIB='ranlib'
SED='/bin/sed'
SET_MAKE=''
SHELL='/bin/bash'
STRIP='strip'
VERSION='7.4'
WITH_PCRE_CPP_FALSE='#'
WITH_PCRE_CPP_TRUE=''
WITH_REBUILD_CHARTABLES_FALSE=''
WITH_REBUILD_CHARTABLES_TRUE='#'
ac_ct_CC='gcc'
ac_ct_CXX=''
ac_ct_F77=''
am__fastdepCC_FALSE='#'
am__fastdepCC_TRUE=''
am__fastdepCXX_FALSE=''
am__fastdepCXX_TRUE='#'
am__include='include'
am__isrc=''
am__leading_dot='.'
am__quote=''
am__tar='${AMTAR} chof - "$$tardir"'
am__untar='${AMTAR} xf -'
bindir='${exec_prefix}/bin'
build='i686-pc-linux-gnu'
build_alias=''
build_cpu='i686'
build_os='linux-gnu'
build_vendor='pc'
datadir='${datarootdir}'
datarootdir='${prefix}/share'
docdir='${datarootdir}/doc/${PACKAGE_TARNAME}'
dvidir='${docdir}'
exec_prefix='${prefix}'
host='i686-pc-linux-gnu'
host_alias=''
host_cpu='i686'
host_os='linux-gnu'
host_vendor='pc'
htmldir='${docdir}/html'
includedir='${prefix}/include'
infodir='${datarootdir}/info'
install_sh='$(SHELL) /home/brettk/src/pcre-7.4/source/arm9/install-sh'
libdir='${exec_prefix}/lib'
libexecdir='${exec_prefix}/libexec'
localedir='${datarootdir}/locale'
localstatedir='${prefix}/var'
mandir='${datarootdir}/man'
mkdir_p='/bin/mkdir -p'
oldincludedir='/usr/include'
pcre_have_bits_type_traits='0'
pcre_have_long_long='1'
pcre_have_type_traits='0'
pcre_have_ulong_long='1'
pdfdir='${docdir}'
prefix='/usr/local'
program_transform_name='s,x,x,'
psdir='${docdir}'
sbindir='${exec_prefix}/sbin'
sharedstatedir='${prefix}/com'
sysconfdir='${prefix}/etc'
target_alias=''

## ----------- ##
## confdefs.h. ##
## ----------- ##

#define PACKAGE_NAME "PCRE"
#define PACKAGE_TARNAME "pcre"
#define PACKAGE_VERSION "7.4"
#define PACKAGE_STRING "PCRE 7.4"
#define PACKAGE_BUGREPORT ""
#define PACKAGE "pcre"
#define VERSION "7.4"
#define STDC_HEADERS 1
#define HAVE_SYS_TYPES_H 1
#define HAVE_SYS_STAT_H 1
#define HAVE_STDLIB_H 1
#define HAVE_STRING_H 1
#define HAVE_MEMORY_H 1
#define HAVE_STRINGS_H 1
#define HAVE_INTTYPES_H 1
#define HAVE_STDINT_H 1
#define HAVE_UNISTD_H 1
#define HAVE_DLFCN_H 1
#define STDC_HEADERS 1
#define HAVE_LIMITS_H 1
#define HAVE_SYS_TYPES_H 1
#define HAVE_SYS_STAT_H 1
#define HAVE_DIRENT_H 1
#define HAVE_LONG_LONG 1
#define HAVE_UNSIGNED_LONG_LONG 1
#define HAVE_BCOPY 1
#define HAVE_MEMMOVE 1
#define HAVE_STRERROR 1
#define HAVE_STRTOQ 1
#define HAVE_STRTOLL 1
#define NEWLINE 10
#define LINK_SIZE 2
#define POSIX_MALLOC_THRESHOLD 10
#define MATCH_LIMIT 10000000
#define MATCH_LIMIT_RECURSION MATCH_LIMIT
#define MAX_NAME_SIZE 32
#define MAX_NAME_COUNT 10000

configure: exit 0
